<?xml version="1.0" encoding="UTF-8"?>
<!-- Generated by org.testng.reporters.JUnitXMLReporter -->
<testsuite hostname="DESKTOP-D2M4U6D" ignored="0" name="Command line test" tests="1" failures="0" timestamp="2020-03-30T17:11:24 ART" time="0.09" errors="0">
  <testcase name="@BeforeMethod launchbrowser" time="-1.585599083921E9" classname="driver.WebDriverManager">
    <failure type="org.testng.TestNGException" message="
Parameter &amp;apos;browser&amp;apos; is required by BeforeMethod on method launchbrowser but has not been marked @Optional or defined
">
      <![CDATA[org.testng.TestNGException: 
Parameter 'browser' is required by BeforeMethod on method launchbrowser but has not been marked @Optional or defined

at java.util.ArrayList.forEach(ArrayList.java:1257)
... Removed 37 stack frames]]>
    </failure>
  </testcase> <!-- @BeforeMethod launchbrowser -->
  <testcase name="@AfterMethod tearDown" time="-1.585599083947E9" classname="driver.WebDriverManager">
    <skipped/>
  </testcase> <!-- @AfterMethod tearDown -->
  <testcase name="test" time="0.0" classname="test.RegisterTest">
    <skipped/>
  </testcase> <!-- test -->
</testsuite> <!-- Command line test -->
