<?xml version="1.0" encoding="UTF-8"?>
<!-- Generated by org.testng.reporters.JUnitXMLReporter -->
<testsuite hostname="DESKTOP-D2M4U6D" ignored="0" name="Firefox Test" tests="2" failures="0" timestamp="2020-03-28T15:58:05 ART" time="601.861" errors="0">
  <testcase name="@BeforeMethod setUp" time="601.631" classname="driver.Selenium_MultiBrowser_Test">
    <failure type="org.openqa.selenium.WebDriverException" message="Unable to parse remote response: ">
      <![CDATA[org.openqa.selenium.WebDriverException: Unable to parse remote response: 
at org.openqa.selenium.remote.ProtocolHandshake.createSession(ProtocolHandshake.java:115)
at org.openqa.selenium.remote.ProtocolHandshake.createSession(ProtocolHandshake.java:74)
at org.openqa.selenium.remote.HttpCommandExecutor.execute(HttpCommandExecutor.java:136)
at org.openqa.selenium.remote.RemoteWebDriver.execute(RemoteWebDriver.java:552)
at org.openqa.selenium.remote.RemoteWebDriver.startSession(RemoteWebDriver.java:213)
at org.openqa.selenium.remote.RemoteWebDriver.<init>(RemoteWebDriver.java:131)
at org.openqa.selenium.remote.RemoteWebDriver.<init>(RemoteWebDriver.java:144)
at driver.Selenium_MultiBrowser_Test.setUp(Selenium_MultiBrowser_Test.java:53)
at java.util.ArrayList.forEach(Unknown Source)
at java.util.concurrent.FutureTask.run(Unknown Source)
at java.util.concurrent.ThreadPoolExecutor.runWorker(Unknown Source)
at java.util.concurrent.ThreadPoolExecutor$Worker.run(Unknown Source)
at java.lang.Thread.run(Unknown Source)
Caused by: org.openqa.selenium.json.JsonException: Expected to read a START_MAP but instead have: END. Last 0 characters read: 
Build info: version: '3.141.59', revision: 'e82be7d358', time: '2018-11-14T08:17:03'
System info: host: 'DESKTOP-D2M4U6D', ip: '192.168.1.37', os.name: 'Windows 10', os.arch: 'amd64', os.version: '10.0', java.version: '1.8.0_181'
Driver info: driver.version: RemoteWebDriver
at org.openqa.selenium.json.JsonInput.expect(JsonInput.java:290)
at org.openqa.selenium.json.JsonInput.beginObject(JsonInput.java:220)
at org.openqa.selenium.json.MapCoercer.lambda$apply$1(MapCoercer.java:64)
at org.openqa.selenium.json.JsonTypeCoercer.lambda$null$6(JsonTypeCoercer.java:145)
at org.openqa.selenium.json.JsonTypeCoercer.coerce(JsonTypeCoercer.java:126)
at org.openqa.selenium.json.Json.toType(Json.java:69)
at org.openqa.selenium.json.Json.toType(Json.java:55)
at org.openqa.selenium.json.Json.toType(Json.java:50)
at org.openqa.selenium.remote.ProtocolHandshake.createSession(ProtocolHandshake.java:112)
... 34 more
... Removed 22 stack frames]]>
    </failure>
  </testcase> <!-- @BeforeMethod setUp -->
  <testcase name="@AfterMethod tearDown" time="-1.585421885606E9" classname="driver.Selenium_MultiBrowser_Test">
    <skipped/>
  </testcase> <!-- @AfterMethod tearDown -->
  <testcase name="appleSite" time="0.0" classname="driver.Selenium_MultiBrowser_Test">
    <skipped/>
  </testcase> <!-- appleSite -->
  <testcase name="appleSite" time="0.0" classname="driver.Selenium_MultiBrowser_Test">
    <skipped/>
  </testcase> <!-- appleSite -->
</testsuite> <!-- Firefox Test -->
